2025-01-10 17:50:13,405 - INFO - HTTP Request: GET https://lvuhhlrkcuexzqtsbqyu.supabase.co/rest/v1/JM_Productpage?select=%2A&approve=eq.False "HTTP/2 200 OK"
2025-01-10 17:50:15,248 - INFO - HTTP Request: GET https://lvuhhlrkcuexzqtsbqyu.supabase.co/rest/v1/JM_Productpage?select=%2A&Id=eq.CJM0027 "HTTP/2 200 OK"
2025-01-10 17:51:32,668 - INFO - HTTP Request: GET https://lvuhhlrkcuexzqtsbqyu.supabase.co/rest/v1/JM_Productpage?select=%2A&approve=eq.False "HTTP/2 200 OK"
2025-01-10 17:51:34,306 - INFO - HTTP Request: GET https://lvuhhlrkcuexzqtsbqyu.supabase.co/rest/v1/JM_Productpage?select=%2A&Id=eq.CJM0026 "HTTP/2 200 OK"
2025-01-10 17:51:43,178 - INFO - HTTP Request: GET https://lvuhhlrkcuexzqtsbqyu.supabase.co/rest/v1/JM_Productpage?select=%2A&Id=eq.CJM0026 "HTTP/2 200 OK"
2025-01-10 17:51:43,329 - INFO - HTTP Request: PATCH https://lvuhhlrkcuexzqtsbqyu.supabase.co/rest/v1/MagicMirror?Id=eq.CJM0026 "HTTP/2 200 OK"
2025-01-10 17:51:43,610 - INFO - HTTP Request: PATCH https://lvuhhlrkcuexzqtsbqyu.supabase.co/rest/v1/JM_Productpage?Id=eq.CJM0026 "HTTP/2 200 OK"
2025-01-10 17:54:08,450 - INFO - Starting combined image and video generation process
2025-01-10 17:54:08,990 - INFO - HTTP Request: GET https://lvuhhlrkcuexzqtsbqyu.supabase.co/rest/v1/MagicMirror?select=%2A&StoreName=eq.ChamundiJewelsMandir "HTTP/2 200 OK"
2025-01-10 17:54:09,145 - INFO - HTTP Request: GET https://lvuhhlrkcuexzqtsbqyu.supabase.co/rest/v1/JewelMirror_ModelImages?select=%2A&image_url=eq.https%3A%2F%2Flvuhhlrkcuexzqtsbqyu.supabase.co%2Fstorage%2Fv1%2Fobject%2Fpublic%2FJewelmirrorModelImages%2Fp_01.png "HTTP/2 200 OK"
2025-01-10 17:54:09,346 - INFO - HTTP Request: GET https://lvuhhlrkcuexzqtsbqyu.supabase.co/rest/v1/JM_productpagelog?select=%2A&id=eq.CJM001 "HTTP/2 200 OK"
2025-01-10 17:54:09,347 - INFO - Skipping CJM001 - already processed
2025-01-10 17:54:09,551 - INFO - HTTP Request: GET https://lvuhhlrkcuexzqtsbqyu.supabase.co/rest/v1/JM_productpagelog?select=%2A&id=eq.CJM0027 "HTTP/2 200 OK"
2025-01-10 17:54:09,552 - INFO - Skipping CJM0027 - already processed
2025-01-10 17:54:09,756 - INFO - HTTP Request: GET https://lvuhhlrkcuexzqtsbqyu.supabase.co/rest/v1/JM_productpagelog?select=%2A&id=eq.CJM003 "HTTP/2 200 OK"
2025-01-10 17:54:09,960 - INFO - HTTP Request: POST https://lvuhhlrkcuexzqtsbqyu.supabase.co/rest/v1/JM_productpagelog?columns=%22status%22%2C%22id%22 "HTTP/2 201 Created"
2025-01-10 17:54:09,961 - INFO - Processing necklace: CJM003
2025-01-10 17:54:09,962 - INFO - Body Type: lean
2025-01-10 17:54:09,962 - INFO - NTO-CTO-MTO images Generating for CJM003
2025-01-10 17:54:11,274 - INFO - Starting combined image and video generation process
2025-01-10 17:54:11,410 - INFO - HTTP Request: GET https://lvuhhlrkcuexzqtsbqyu.supabase.co/rest/v1/MagicMirror?select=%2A&StoreName=eq.ChamundiJewelsMandir "HTTP/2 200 OK"
2025-01-10 17:54:11,610 - INFO - HTTP Request: GET https://lvuhhlrkcuexzqtsbqyu.supabase.co/rest/v1/JewelMirror_ModelImages?select=%2A&image_url=eq.https%3A%2F%2Flvuhhlrkcuexzqtsbqyu.supabase.co%2Fstorage%2Fv1%2Fobject%2Fpublic%2FJewelmirrorModelImages%2Fp_01.png "HTTP/2 200 OK"
2025-01-10 17:54:11,743 - INFO - HTTP Request: GET https://lvuhhlrkcuexzqtsbqyu.supabase.co/rest/v1/JM_productpagelog?select=%2A&id=eq.CJM001 "HTTP/2 200 OK"
2025-01-10 17:54:11,744 - INFO - Skipping CJM001 - already processed
2025-01-10 17:54:11,876 - INFO - HTTP Request: GET https://lvuhhlrkcuexzqtsbqyu.supabase.co/rest/v1/JM_productpagelog?select=%2A&id=eq.CJM0027 "HTTP/2 200 OK"
2025-01-10 17:54:11,877 - INFO - Skipping CJM0027 - already processed
2025-01-10 17:54:12,010 - INFO - HTTP Request: GET https://lvuhhlrkcuexzqtsbqyu.supabase.co/rest/v1/JM_productpagelog?select=%2A&id=eq.CJM003 "HTTP/2 200 OK"
2025-01-10 17:54:12,011 - INFO - Skipping CJM003 - already processed
2025-01-10 17:54:12,213 - INFO - HTTP Request: GET https://lvuhhlrkcuexzqtsbqyu.supabase.co/rest/v1/JM_productpagelog?select=%2A&id=eq.CJM0029 "HTTP/2 200 OK"
2025-01-10 17:54:12,421 - INFO - HTTP Request: POST https://lvuhhlrkcuexzqtsbqyu.supabase.co/rest/v1/JM_productpagelog?columns=%22status%22%2C%22id%22 "HTTP/2 201 Created"
2025-01-10 17:54:12,422 - INFO - Processing necklace: CJM0029
2025-01-10 17:54:12,422 - INFO - Body Type: lean
2025-01-10 17:54:12,422 - INFO - NTO-CTO-MTO images Generating for CJM0029
2025-01-10 17:55:12,853 - INFO - Starting combined image and video generation process
2025-01-10 17:55:13,144 - INFO - HTTP Request: GET https://lvuhhlrkcuexzqtsbqyu.supabase.co/rest/v1/MagicMirror?select=%2A&StoreName=eq.ChamundiJewelsMandir "HTTP/2 200 OK"
2025-01-10 17:55:13,288 - INFO - HTTP Request: GET https://lvuhhlrkcuexzqtsbqyu.supabase.co/rest/v1/JewelMirror_ModelImages?select=%2A&image_url=eq.https%3A%2F%2Flvuhhlrkcuexzqtsbqyu.supabase.co%2Fstorage%2Fv1%2Fobject%2Fpublic%2FJewelmirrorModelImages%2FM0X9e22b54f110493113feb79e3J.png "HTTP/2 200 OK"
2025-01-10 17:55:13,515 - INFO - HTTP Request: GET https://lvuhhlrkcuexzqtsbqyu.supabase.co/rest/v1/JM_productpagelog?select=%2A&id=eq.CJM001 "HTTP/2 200 OK"
2025-01-10 17:55:13,517 - INFO - Skipping CJM001 - already processed
2025-01-10 17:55:13,681 - INFO - HTTP Request: GET https://lvuhhlrkcuexzqtsbqyu.supabase.co/rest/v1/JM_productpagelog?select=%2A&id=eq.CJM0027 "HTTP/2 200 OK"
2025-01-10 17:55:13,681 - INFO - Skipping CJM0027 - already processed
2025-01-10 17:55:13,860 - INFO - HTTP Request: GET https://lvuhhlrkcuexzqtsbqyu.supabase.co/rest/v1/JM_productpagelog?select=%2A&id=eq.CJM003 "HTTP/2 200 OK"
2025-01-10 17:55:13,861 - INFO - Skipping CJM003 - already processed
2025-01-10 17:55:14,018 - INFO - HTTP Request: GET https://lvuhhlrkcuexzqtsbqyu.supabase.co/rest/v1/JM_productpagelog?select=%2A&id=eq.CJM0029 "HTTP/2 200 OK"
2025-01-10 17:55:14,018 - INFO - Skipping CJM0029 - already processed
2025-01-10 17:55:14,179 - INFO - HTTP Request: GET https://lvuhhlrkcuexzqtsbqyu.supabase.co/rest/v1/JM_productpagelog?select=%2A&id=eq.CJM0030 "HTTP/2 200 OK"
2025-01-10 17:55:14,319 - INFO - HTTP Request: POST https://lvuhhlrkcuexzqtsbqyu.supabase.co/rest/v1/JM_productpagelog?columns=%22status%22%2C%22id%22 "HTTP/2 201 Created"
2025-01-10 17:55:14,320 - INFO - Processing necklace: CJM0030
2025-01-10 17:55:14,320 - INFO - Body Type: lean
2025-01-10 17:55:14,320 - INFO - NTO-CTO-MTO images Generating for CJM0030
2025-01-10 18:00:42,768 - INFO - HTTP Request: GET https://lvuhhlrkcuexzqtsbqyu.supabase.co/rest/v1/JM_Productpage?select=%2A&approve=eq.False "HTTP/2 200 OK"
2025-01-10 18:02:19,266 - INFO - HTTP Request: GET https://lvuhhlrkcuexzqtsbqyu.supabase.co/rest/v1/JM_Productpage?select=%2A&approve=eq.False "HTTP/2 200 OK"
